2020-06-10 13:15:17.237  INFO 12412 --- [main] com.ftp.report.FTPReport.Application     : Starting Application on PC403552 with PID 12412 (C:\Users\772155\workspace\FTPReport\target\classes started by 772155 in C:\Users\772155\workspace\FTPReport)
2020-06-10 13:15:17.270  INFO 12412 --- [main] com.ftp.report.FTPReport.Application     : No active profile set, falling back to default profiles: default
2020-06-10 13:15:18.401  INFO 12412 --- [main] .s.d.r.c.RepositoryConfigurationDelegate : Bootstrapping Spring Data MongoDB repositories in DEFAULT mode.
2020-06-10 13:15:18.486  INFO 12412 --- [main] .s.d.r.c.RepositoryConfigurationDelegate : Finished Spring Data repository scanning in 78ms. Found 1 MongoDB repository interfaces.
2020-06-10 13:15:19.249  INFO 12412 --- [main] o.s.b.w.embedded.tomcat.TomcatWebServer  : Tomcat initialized with port(s): 8080 (http)
2020-06-10 13:15:19.270  INFO 12412 --- [main] o.apache.catalina.core.StandardService   : Starting service [Tomcat]
2020-06-10 13:15:19.271  INFO 12412 --- [main] org.apache.catalina.core.StandardEngine  : Starting Servlet engine: [Apache Tomcat/9.0.34]
2020-06-10 13:15:19.401  INFO 12412 --- [main] o.a.c.c.C.[Tomcat].[localhost].[/]       : Initializing Spring embedded WebApplicationContext
2020-06-10 13:15:19.401  INFO 12412 --- [main] o.s.web.context.ContextLoader            : Root WebApplicationContext: initialization completed in 2030 ms
2020-06-10 13:15:20.081  INFO 12412 --- [main] org.mongodb.driver.cluster               : Cluster created with settings {hosts=[localhost:27017], mode=MULTIPLE, requiredClusterType=UNKNOWN, serverSelectionTimeout='30000 ms', maxWaitQueueSize=500}
2020-06-10 13:15:20.082  INFO 12412 --- [main] org.mongodb.driver.cluster               : Adding discovered server localhost:27017 to client view of cluster
2020-06-10 13:15:20.238  INFO 12412 --- [cluster-ClusterId{value='5ee08f903d042c175ae27e33', description='null'}-localhost:27017] org.mongodb.driver.connection            : Opened connection [connectionId{localValue:1, serverValue:14}] to localhost:27017
2020-06-10 13:15:20.244  INFO 12412 --- [cluster-ClusterId{value='5ee08f903d042c175ae27e33', description='null'}-localhost:27017] org.mongodb.driver.cluster               : Monitor thread successfully connected to server with description ServerDescription{address=localhost:27017, type=STANDALONE, state=CONNECTED, ok=true, version=ServerVersion{versionList=[4, 2, 6]}, minWireVersion=0, maxWireVersion=8, maxDocumentSize=16777216, logicalSessionTimeoutMinutes=30, roundTripTimeNanos=3651100}
2020-06-10 13:15:20.245  INFO 12412 --- [cluster-ClusterId{value='5ee08f903d042c175ae27e33', description='null'}-localhost:27017] org.mongodb.driver.cluster               : Discovered cluster type of STANDALONE
2020-06-10 13:15:20.660  INFO 12412 --- [main] o.s.s.concurrent.ThreadPoolTaskExecutor  : Initializing ExecutorService 'applicationTaskExecutor'
2020-06-10 13:15:20.794  INFO 12412 --- [main] o.s.s.c.ThreadPoolTaskScheduler          : Initializing ExecutorService 'taskScheduler'
2020-06-10 13:15:20.876  INFO 12412 --- [main] o.s.b.w.embedded.tomcat.TomcatWebServer  : Tomcat started on port(s): 8080 (http) with context path ''
2020-06-10 13:15:20.878  INFO 12412 --- [main] com.ftp.report.FTPReport.Application     : Started Application in 4.828 seconds (JVM running for 5.504)
2020-06-10 13:39:51.595  INFO 12412 --- [http-nio-8080-exec-1] o.a.c.c.C.[Tomcat].[localhost].[/]       : Initializing Spring DispatcherServlet 'dispatcherServlet'
2020-06-10 13:39:51.596  INFO 12412 --- [http-nio-8080-exec-1] o.s.web.servlet.DispatcherServlet        : Initializing Servlet 'dispatcherServlet'
2020-06-10 13:39:51.606  INFO 12412 --- [http-nio-8080-exec-1] o.s.web.servlet.DispatcherServlet        : Completed initialization in 10 ms
2020-06-10 13:40:17.169  INFO 12412 --- [http-nio-8080-exec-6] org.mongodb.driver.connection            : Opened connection [connectionId{localValue:2, serverValue:15}] to localhost:27017
2020-06-10 13:42:15.073  INFO 12412 --- [http-nio-8080-exec-1] c.f.r.F.s.FTPReportServiceImpl           : CurDate Wed Jun 10 00:00:00 IST 2020 PrevWeekDate Tue Jun 02 00:00:00 IST 2020
2020-06-10 14:11:22.218  INFO 12412 --- [http-nio-8080-exec-6] c.f.r.F.s.FTPReportServiceImpl           : CurDate Wed Jun 10 00:00:00 IST 2020 PrevWeekDate Tue Jun 02 00:00:00 IST 2020
2020-06-10 16:19:08.932  INFO 15236 --- [main] com.ftp.report.FTPReport.Application     : Starting Application on PC403552 with PID 15236 (C:\Users\772155\workspace\FTPReport\target\classes started by 772155 in C:\Users\772155\workspace\FTPReport)
2020-06-10 16:19:08.962  INFO 15236 --- [main] com.ftp.report.FTPReport.Application     : No active profile set, falling back to default profiles: default
2020-06-10 16:19:11.360  INFO 15236 --- [main] .s.d.r.c.RepositoryConfigurationDelegate : Bootstrapping Spring Data MongoDB repositories in DEFAULT mode.
2020-06-10 16:19:11.599  INFO 15236 --- [main] .s.d.r.c.RepositoryConfigurationDelegate : Finished Spring Data repository scanning in 207ms. Found 1 MongoDB repository interfaces.
2020-06-10 16:19:13.731  INFO 15236 --- [main] o.s.b.w.embedded.tomcat.TomcatWebServer  : Tomcat initialized with port(s): 8080 (http)
2020-06-10 16:19:13.762  INFO 15236 --- [main] o.apache.catalina.core.StandardService   : Starting service [Tomcat]
2020-06-10 16:19:13.763  INFO 15236 --- [main] org.apache.catalina.core.StandardEngine  : Starting Servlet engine: [Apache Tomcat/9.0.34]
2020-06-10 16:19:14.158  INFO 15236 --- [main] o.a.c.c.C.[Tomcat].[localhost].[/]       : Initializing Spring embedded WebApplicationContext
2020-06-10 16:19:14.159  INFO 15236 --- [main] o.s.web.context.ContextLoader            : Root WebApplicationContext: initialization completed in 4905 ms
2020-06-10 16:19:15.173  INFO 15236 --- [main] org.mongodb.driver.cluster               : Cluster created with settings {hosts=[localhost:27017], mode=MULTIPLE, requiredClusterType=UNKNOWN, serverSelectionTimeout='30000 ms', maxWaitQueueSize=500}
2020-06-10 16:19:15.174  INFO 15236 --- [main] org.mongodb.driver.cluster               : Adding discovered server localhost:27017 to client view of cluster
2020-06-10 16:19:15.571  INFO 15236 --- [cluster-ClusterId{value='5ee0baab9d45e672a6a8fac3', description='null'}-localhost:27017] org.mongodb.driver.connection            : Opened connection [connectionId{localValue:1, serverValue:16}] to localhost:27017
2020-06-10 16:19:15.579  INFO 15236 --- [cluster-ClusterId{value='5ee0baab9d45e672a6a8fac3', description='null'}-localhost:27017] org.mongodb.driver.cluster               : Monitor thread successfully connected to server with description ServerDescription{address=localhost:27017, type=STANDALONE, state=CONNECTED, ok=true, version=ServerVersion{versionList=[4, 2, 6]}, minWireVersion=0, maxWireVersion=8, maxDocumentSize=16777216, logicalSessionTimeoutMinutes=30, roundTripTimeNanos=4499000}
2020-06-10 16:19:15.588  INFO 15236 --- [cluster-ClusterId{value='5ee0baab9d45e672a6a8fac3', description='null'}-localhost:27017] org.mongodb.driver.cluster               : Discovered cluster type of STANDALONE
2020-06-10 16:19:17.319  INFO 15236 --- [main] o.s.s.concurrent.ThreadPoolTaskExecutor  : Initializing ExecutorService 'applicationTaskExecutor'
2020-06-10 16:19:17.793  INFO 15236 --- [main] o.s.s.c.ThreadPoolTaskScheduler          : Initializing ExecutorService 'taskScheduler'
2020-06-10 16:19:18.059  INFO 15236 --- [main] o.s.b.w.embedded.tomcat.TomcatWebServer  : Tomcat started on port(s): 8080 (http) with context path ''
2020-06-10 16:19:18.070  INFO 15236 --- [main] com.ftp.report.FTPReport.Application     : Started Application in 11.05 seconds (JVM running for 12.754)
2020-06-10 16:19:34.520  INFO 15236 --- [http-nio-8080-exec-1] o.a.c.c.C.[Tomcat].[localhost].[/]       : Initializing Spring DispatcherServlet 'dispatcherServlet'
2020-06-10 16:19:34.521  INFO 15236 --- [http-nio-8080-exec-1] o.s.web.servlet.DispatcherServlet        : Initializing Servlet 'dispatcherServlet'
2020-06-10 16:19:34.530  INFO 15236 --- [http-nio-8080-exec-1] o.s.web.servlet.DispatcherServlet        : Completed initialization in 9 ms
2020-06-10 16:19:35.052  INFO 15236 --- [http-nio-8080-exec-1] org.mongodb.driver.connection            : Opened connection [connectionId{localValue:2, serverValue:17}] to localhost:27017
2020-06-10 16:21:18.377  INFO 15236 --- [http-nio-8080-exec-4] c.f.r.F.s.FTPReportServiceImpl           : CurDate Wed Jun 10 00:00:00 IST 2020 PrevWeekDate Tue Jun 02 00:00:00 IST 2020
